<?xml version="1.0" encoding="UTF-8"?>
<testsuite name="com.meli.interview.back.subscription_api.controller.UserControllerMockMvcTest" tests="1" skipped="0" failures="0" errors="0" timestamp="2022-07-07T13:27:37" hostname="SKERE" time="0.347">
  <properties/>
  <testcase name="name()" classname="com.meli.interview.back.subscription_api.controller.UserControllerMockMvcTest" time="0.347"/>
  <system-out><![CDATA[10:27:33.052 [Test worker] DEBUG org.springframework.test.context.BootstrapUtils - Instantiating CacheAwareContextLoaderDelegate from class [org.springframework.test.context.cache.DefaultCacheAwareContextLoaderDelegate]
10:27:33.069 [Test worker] DEBUG org.springframework.test.context.BootstrapUtils - Instantiating BootstrapContext using constructor [public org.springframework.test.context.support.DefaultBootstrapContext(java.lang.Class,org.springframework.test.context.CacheAwareContextLoaderDelegate)]
10:27:33.125 [Test worker] DEBUG org.springframework.test.context.BootstrapUtils - Instantiating TestContextBootstrapper for test class [com.meli.interview.back.subscription_api.controller.UserControllerMockMvcTest] from class [org.springframework.boot.test.autoconfigure.web.servlet.WebMvcTestContextBootstrapper]
10:27:33.143 [Test worker] INFO org.springframework.boot.test.autoconfigure.web.servlet.WebMvcTestContextBootstrapper - Neither @ContextConfiguration nor @ContextHierarchy found for test class [com.meli.interview.back.subscription_api.controller.UserControllerMockMvcTest], using SpringBootContextLoader
10:27:33.150 [Test worker] DEBUG org.springframework.test.context.support.AbstractContextLoader - Did not detect default resource location for test class [com.meli.interview.back.subscription_api.controller.UserControllerMockMvcTest]: class path resource [com/meli/interview/back/subscription_api/controller/UserControllerMockMvcTest-context.xml] does not exist
10:27:33.151 [Test worker] DEBUG org.springframework.test.context.support.AbstractContextLoader - Did not detect default resource location for test class [com.meli.interview.back.subscription_api.controller.UserControllerMockMvcTest]: class path resource [com/meli/interview/back/subscription_api/controller/UserControllerMockMvcTestContext.groovy] does not exist
10:27:33.151 [Test worker] INFO org.springframework.test.context.support.AbstractContextLoader - Could not detect default resource locations for test class [com.meli.interview.back.subscription_api.controller.UserControllerMockMvcTest]: no resource found for suffixes {-context.xml, Context.groovy}.
10:27:33.152 [Test worker] INFO org.springframework.test.context.support.AnnotationConfigContextLoaderUtils - Could not detect default configuration classes for test class [com.meli.interview.back.subscription_api.controller.UserControllerMockMvcTest]: UserControllerMockMvcTest does not declare any static, non-private, non-final, nested classes annotated with @Configuration.
10:27:33.320 [Test worker] DEBUG org.springframework.test.context.support.ActiveProfilesUtils - Could not find an 'annotation declaring class' for annotation type [org.springframework.test.context.ActiveProfiles] and class [com.meli.interview.back.subscription_api.controller.UserControllerMockMvcTest]
10:27:33.439 [Test worker] DEBUG org.springframework.context.annotation.ClassPathScanningCandidateComponentProvider - Identified candidate component class: file [C:\Users\Yoni\Desktop\JAVADADU\proyecto Gradle\facu\interview-back\build\classes\java\main\com\meli\interview\back\subscription_api\SubscriptionApplication.class]
10:27:33.444 [Test worker] INFO org.springframework.boot.test.context.SpringBootTestContextBootstrapper - Found @SpringBootConfiguration com.meli.interview.back.subscription_api.SubscriptionApplication for test class com.meli.interview.back.subscription_api.controller.UserControllerMockMvcTest
10:27:33.458 [Test worker] DEBUG org.springframework.boot.test.autoconfigure.web.servlet.WebMvcTestContextBootstrapper - @TestExecutionListeners is not present for class [com.meli.interview.back.subscription_api.controller.UserControllerMockMvcTest]: using defaults.
10:27:33.461 [Test worker] INFO org.springframework.boot.test.autoconfigure.web.servlet.WebMvcTestContextBootstrapper - Loaded default TestExecutionListener class names from location [META-INF/spring.factories]: [org.springframework.boot.test.autoconfigure.restdocs.RestDocsTestExecutionListener, org.springframework.boot.test.autoconfigure.web.client.MockRestServiceServerResetTestExecutionListener, org.springframework.boot.test.autoconfigure.web.servlet.MockMvcPrintOnlyOnFailureTestExecutionListener, org.springframework.boot.test.autoconfigure.web.servlet.WebDriverTestExecutionListener, org.springframework.boot.test.autoconfigure.webservices.client.MockWebServiceServerTestExecutionListener, org.springframework.boot.test.mock.mockito.MockitoTestExecutionListener, org.springframework.boot.test.mock.mockito.ResetMocksTestExecutionListener, org.springframework.test.context.web.ServletTestExecutionListener, org.springframework.test.context.support.DirtiesContextBeforeModesTestExecutionListener, org.springframework.test.context.event.ApplicationEventsTestExecutionListener, org.springframework.test.context.support.DependencyInjectionTestExecutionListener, org.springframework.test.context.support.DirtiesContextTestExecutionListener, org.springframework.test.context.transaction.TransactionalTestExecutionListener, org.springframework.test.context.jdbc.SqlScriptsTestExecutionListener, org.springframework.test.context.event.EventPublishingTestExecutionListener]
10:27:33.507 [Test worker] INFO org.springframework.boot.test.autoconfigure.web.servlet.WebMvcTestContextBootstrapper - Using TestExecutionListeners: [org.springframework.test.context.web.ServletTestExecutionListener@579d011c, org.springframework.test.context.support.DirtiesContextBeforeModesTestExecutionListener@3670f00, org.springframework.test.context.event.ApplicationEventsTestExecutionListener@452e26d0, org.springframework.boot.test.mock.mockito.MockitoTestExecutionListener@46ab18da, org.springframework.boot.test.autoconfigure.SpringBootDependencyInjectionTestExecutionListener@790174f2, org.springframework.test.context.support.DirtiesContextTestExecutionListener@42257bdd, org.springframework.test.context.transaction.TransactionalTestExecutionListener@7689ddef, org.springframework.test.context.jdbc.SqlScriptsTestExecutionListener@687a762c, org.springframework.test.context.event.EventPublishingTestExecutionListener@1a2e2935, org.springframework.boot.test.autoconfigure.restdocs.RestDocsTestExecutionListener@733c423e, org.springframework.boot.test.autoconfigure.web.client.MockRestServiceServerResetTestExecutionListener@4b629f13, org.springframework.boot.test.autoconfigure.web.servlet.MockMvcPrintOnlyOnFailureTestExecutionListener@70925b45, org.springframework.boot.test.autoconfigure.web.servlet.WebDriverTestExecutionListener@1b9ea3e3, org.springframework.boot.test.autoconfigure.webservices.client.MockWebServiceServerTestExecutionListener@aa22f1c, org.springframework.boot.test.mock.mockito.ResetMocksTestExecutionListener@55e7a35c]
10:27:33.516 [Test worker] DEBUG org.springframework.test.context.support.AbstractDirtiesContextTestExecutionListener - Before test class: context [DefaultTestContext@4628b1d3 testClass = UserControllerMockMvcTest, testInstance = [null], testMethod = [null], testException = [null], mergedContextConfiguration = [WebMergedContextConfiguration@77cf3f8b testClass = UserControllerMockMvcTest, locations = '{}', classes = '{class com.meli.interview.back.subscription_api.SubscriptionApplication}', contextInitializerClasses = '[]', activeProfiles = '{}', propertySourceLocations = '{}', propertySourceProperties = '{org.springframework.boot.test.autoconfigure.web.servlet.WebMvcTestContextBootstrapper=true}', contextCustomizers = set[org.springframework.boot.test.autoconfigure.OverrideAutoConfigurationContextCustomizerFactory$DisableAutoConfigurationContextCustomizer@71b3bc45, org.springframework.boot.test.autoconfigure.actuate.metrics.MetricsExportContextCustomizerFactory$DisableMetricExportContextCustomizer@3a62c01e, org.springframework.boot.test.autoconfigure.filter.TypeExcludeFiltersContextCustomizer@ce925637, org.springframework.boot.test.autoconfigure.properties.PropertyMappingContextCustomizer@3e5edf82, org.springframework.boot.test.autoconfigure.web.servlet.WebDriverContextCustomizerFactory$Customizer@28d6290, [ImportsContextCustomizer@1df98368 key = [org.springframework.boot.autoconfigure.cache.CacheAutoConfiguration, org.springframework.boot.autoconfigure.context.MessageSourceAutoConfiguration, org.springframework.boot.autoconfigure.data.web.SpringDataWebAutoConfiguration, org.springframework.boot.autoconfigure.freemarker.FreeMarkerAutoConfiguration, org.springframework.boot.autoconfigure.groovy.template.GroovyTemplateAutoConfiguration, org.springframework.boot.autoconfigure.gson.GsonAutoConfiguration, org.springframework.boot.autoconfigure.hateoas.HypermediaAutoConfiguration, org.springframework.boot.autoconfigure.http.HttpMessageConvertersAutoConfiguration, org.springframework.boot.autoconfigure.jackson.JacksonAutoConfiguration, org.springframework.boot.autoconfigure.jsonb.JsonbAutoConfiguration, org.springframework.boot.autoconfigure.mustache.MustacheAutoConfiguration, org.springframework.boot.autoconfigure.task.TaskExecutionAutoConfiguration, org.springframework.boot.autoconfigure.thymeleaf.ThymeleafAutoConfiguration, org.springframework.boot.autoconfigure.validation.ValidationAutoConfiguration, org.springframework.boot.autoconfigure.web.servlet.error.ErrorMvcAutoConfiguration, org.springframework.boot.autoconfigure.web.servlet.HttpEncodingAutoConfiguration, org.springframework.boot.autoconfigure.web.servlet.WebMvcAutoConfiguration, org.springframework.boot.test.autoconfigure.web.servlet.MockMvcAutoConfiguration, org.springframework.boot.test.autoconfigure.web.servlet.MockMvcWebClientAutoConfiguration, org.springframework.boot.test.autoconfigure.web.servlet.MockMvcWebDriverAutoConfiguration, org.springframework.boot.autoconfigure.security.oauth2.client.servlet.OAuth2ClientAutoConfiguration, org.springframework.boot.autoconfigure.security.oauth2.resource.servlet.OAuth2ResourceServerAutoConfiguration, org.springframework.boot.autoconfigure.security.servlet.SecurityAutoConfiguration, org.springframework.boot.autoconfigure.security.servlet.SecurityFilterAutoConfiguration, org.springframework.boot.autoconfigure.security.servlet.UserDetailsServiceAutoConfiguration, org.springframework.boot.test.autoconfigure.web.servlet.MockMvcSecurityConfiguration]], org.springframework.boot.test.context.filter.ExcludeFilterContextCustomizer@631e06ab, org.springframework.boot.test.json.DuplicateJsonObjectContextCustomizerFactory$DuplicateJsonObjectContextCustomizer@346a361, org.springframework.boot.test.mock.mockito.MockitoContextCustomizer@e0d2c736, org.springframework.boot.test.context.SpringBootTestArgs@1, org.springframework.boot.test.context.SpringBootTestWebEnvironment@0], resourceBasePath = 'src/main/webapp', contextLoader = 'org.springframework.boot.test.context.SpringBootContextLoader', parent = [null]], attributes = map[[empty]]], class annotated with @DirtiesContext [false] with mode [null].
10:27:33.661 [Test worker] DEBUG org.springframework.boot.ApplicationServletEnvironment - Activating profiles []
10:27:33.705 [Test worker] DEBUG org.springframework.test.context.support.TestPropertySourceUtils - Adding inlined properties to environment: {spring.jmx.enabled=false, org.springframework.boot.test.autoconfigure.web.servlet.WebMvcTestContextBootstrapper=true}

  .   ____          _            __ _ _
 /\\ / ___'_ __ _ _(_)_ __  __ _ \ \ \ \
( ( )\___ | '_ | '_| | '_ \/ _` | \ \ \ \
 \\/  ___)| |_)| | | | | || (_| |  ) ) ) )
  '  |____| .__|_| |_|_| |_\__, | / / / /
 =========|_|==============|___/=/_/_/_/
 :: Spring Boot ::                (v2.5.7)

2022-07-07 10:27:34.476  INFO 1956 --- [    Test worker] c.m.i.b.s.c.UserControllerMockMvcTest    : Starting UserControllerMockMvcTest using Java 11.0.13 on Skere with PID 1956 (started by Yoni in C:\Users\Yoni\Desktop\JAVADADU\proyecto Gradle\facu\interview-back)
2022-07-07 10:27:34.478  INFO 1956 --- [    Test worker] c.m.i.b.s.c.UserControllerMockMvcTest    : No active profile set, falling back to default profiles: default
2022-07-07 10:27:37.730  INFO 1956 --- [    Test worker] o.s.b.t.m.w.SpringBootMockServletContext : Initializing Spring TestDispatcherServlet ''
2022-07-07 10:27:37.730  INFO 1956 --- [    Test worker] o.s.t.web.servlet.TestDispatcherServlet  : Initializing Servlet ''
2022-07-07 10:27:37.733  INFO 1956 --- [    Test worker] o.s.t.web.servlet.TestDispatcherServlet  : Completed initialization in 3 ms
2022-07-07 10:27:37.782  INFO 1956 --- [    Test worker] c.m.i.b.s.c.UserControllerMockMvcTest    : Started UserControllerMockMvcTest in 4.073 seconds (JVM running for 6.428)
]]></system-out>
  <system-err><![CDATA[]]></system-err>
</testsuite>
