<?xml version="1.0" encoding="UTF-8"?>
<testsuite name="com.meli.interview.back.subscription_api.service.impl.UserServiceImplTest" tests="1" skipped="0" failures="0" errors="0" timestamp="2022-07-12T15:25:56" hostname="EXT-429" time="0.084">
  <properties/>
  <testcase name="findAll()" classname="com.meli.interview.back.subscription_api.service.impl.UserServiceImplTest" time="0.084"/>
  <system-out><![CDATA[12:25:49.271 [Test worker] DEBUG org.springframework.test.context.BootstrapUtils - Instantiating CacheAwareContextLoaderDelegate from class [org.springframework.test.context.cache.DefaultCacheAwareContextLoaderDelegate]
12:25:49.281 [Test worker] DEBUG org.springframework.test.context.BootstrapUtils - Instantiating BootstrapContext using constructor [public org.springframework.test.context.support.DefaultBootstrapContext(java.lang.Class,org.springframework.test.context.CacheAwareContextLoaderDelegate)]
12:25:49.319 [Test worker] DEBUG org.springframework.test.context.BootstrapUtils - Instantiating TestContextBootstrapper for test class [com.meli.interview.back.subscription_api.service.impl.UserServiceImplTest] from class [org.springframework.boot.test.context.SpringBootTestContextBootstrapper]
12:25:49.331 [Test worker] INFO org.springframework.boot.test.context.SpringBootTestContextBootstrapper - Neither @ContextConfiguration nor @ContextHierarchy found for test class [com.meli.interview.back.subscription_api.service.impl.UserServiceImplTest], using SpringBootContextLoader
12:25:49.336 [Test worker] DEBUG org.springframework.test.context.support.AbstractContextLoader - Did not detect default resource location for test class [com.meli.interview.back.subscription_api.service.impl.UserServiceImplTest]: class path resource [com/meli/interview/back/subscription_api/service/impl/UserServiceImplTest-context.xml] does not exist
12:25:49.337 [Test worker] DEBUG org.springframework.test.context.support.AbstractContextLoader - Did not detect default resource location for test class [com.meli.interview.back.subscription_api.service.impl.UserServiceImplTest]: class path resource [com/meli/interview/back/subscription_api/service/impl/UserServiceImplTestContext.groovy] does not exist
12:25:49.337 [Test worker] INFO org.springframework.test.context.support.AbstractContextLoader - Could not detect default resource locations for test class [com.meli.interview.back.subscription_api.service.impl.UserServiceImplTest]: no resource found for suffixes {-context.xml, Context.groovy}.
12:25:49.338 [Test worker] INFO org.springframework.test.context.support.AnnotationConfigContextLoaderUtils - Could not detect default configuration classes for test class [com.meli.interview.back.subscription_api.service.impl.UserServiceImplTest]: UserServiceImplTest does not declare any static, non-private, non-final, nested classes annotated with @Configuration.
12:25:49.399 [Test worker] DEBUG org.springframework.test.context.support.ActiveProfilesUtils - Could not find an 'annotation declaring class' for annotation type [org.springframework.test.context.ActiveProfiles] and class [com.meli.interview.back.subscription_api.service.impl.UserServiceImplTest]
12:25:49.491 [Test worker] DEBUG org.springframework.context.annotation.ClassPathScanningCandidateComponentProvider - Identified candidate component class: file [C:\Users\msgonzalez\Desktop\Fork interview\interview-back\build\classes\java\main\com\meli\interview\back\subscription_api\SubscriptionApplication.class]
12:25:49.494 [Test worker] INFO org.springframework.boot.test.context.SpringBootTestContextBootstrapper - Found @SpringBootConfiguration com.meli.interview.back.subscription_api.SubscriptionApplication for test class com.meli.interview.back.subscription_api.service.impl.UserServiceImplTest
12:25:49.637 [Test worker] DEBUG org.springframework.boot.test.context.SpringBootTestContextBootstrapper - @TestExecutionListeners is not present for class [com.meli.interview.back.subscription_api.service.impl.UserServiceImplTest]: using defaults.
12:25:49.637 [Test worker] INFO org.springframework.boot.test.context.SpringBootTestContextBootstrapper - Loaded default TestExecutionListener class names from location [META-INF/spring.factories]: [org.springframework.boot.test.autoconfigure.restdocs.RestDocsTestExecutionListener, org.springframework.boot.test.autoconfigure.web.client.MockRestServiceServerResetTestExecutionListener, org.springframework.boot.test.autoconfigure.web.servlet.MockMvcPrintOnlyOnFailureTestExecutionListener, org.springframework.boot.test.autoconfigure.web.servlet.WebDriverTestExecutionListener, org.springframework.boot.test.autoconfigure.webservices.client.MockWebServiceServerTestExecutionListener, org.springframework.boot.test.mock.mockito.MockitoTestExecutionListener, org.springframework.boot.test.mock.mockito.ResetMocksTestExecutionListener, org.springframework.test.context.web.ServletTestExecutionListener, org.springframework.test.context.support.DirtiesContextBeforeModesTestExecutionListener, org.springframework.test.context.event.ApplicationEventsTestExecutionListener, org.springframework.test.context.support.DependencyInjectionTestExecutionListener, org.springframework.test.context.support.DirtiesContextTestExecutionListener, org.springframework.test.context.transaction.TransactionalTestExecutionListener, org.springframework.test.context.jdbc.SqlScriptsTestExecutionListener, org.springframework.test.context.event.EventPublishingTestExecutionListener]
12:25:49.662 [Test worker] INFO org.springframework.boot.test.context.SpringBootTestContextBootstrapper - Using TestExecutionListeners: [org.springframework.test.context.web.ServletTestExecutionListener@49bf29c6, org.springframework.test.context.support.DirtiesContextBeforeModesTestExecutionListener@7ee55e70, org.springframework.test.context.event.ApplicationEventsTestExecutionListener@3fcdcf, org.springframework.boot.test.mock.mockito.MockitoTestExecutionListener@7668d560, org.springframework.boot.test.autoconfigure.SpringBootDependencyInjectionTestExecutionListener@46292372, org.springframework.test.context.support.DirtiesContextTestExecutionListener@126be319, org.springframework.test.context.transaction.TransactionalTestExecutionListener@6c44052e, org.springframework.test.context.jdbc.SqlScriptsTestExecutionListener@5c371e13, org.springframework.test.context.event.EventPublishingTestExecutionListener@530a8454, org.springframework.boot.test.autoconfigure.restdocs.RestDocsTestExecutionListener@1e34c607, org.springframework.boot.test.autoconfigure.web.client.MockRestServiceServerResetTestExecutionListener@5215cd9a, org.springframework.boot.test.autoconfigure.web.servlet.MockMvcPrintOnlyOnFailureTestExecutionListener@36b6964d, org.springframework.boot.test.autoconfigure.web.servlet.WebDriverTestExecutionListener@31198ceb, org.springframework.boot.test.autoconfigure.webservices.client.MockWebServiceServerTestExecutionListener@9257031, org.springframework.boot.test.mock.mockito.ResetMocksTestExecutionListener@75201592]
12:25:49.666 [Test worker] DEBUG org.springframework.test.context.support.AbstractDirtiesContextTestExecutionListener - Before test class: context [DefaultTestContext@6650813a testClass = UserServiceImplTest, testInstance = [null], testMethod = [null], testException = [null], mergedContextConfiguration = [WebMergedContextConfiguration@44ea608c testClass = UserServiceImplTest, locations = '{}', classes = '{class com.meli.interview.back.subscription_api.SubscriptionApplication}', contextInitializerClasses = '[]', activeProfiles = '{}', propertySourceLocations = '{}', propertySourceProperties = '{org.springframework.boot.test.context.SpringBootTestContextBootstrapper=true}', contextCustomizers = set[org.springframework.boot.test.autoconfigure.actuate.metrics.MetricsExportContextCustomizerFactory$DisableMetricExportContextCustomizer@636e8cc, org.springframework.boot.test.autoconfigure.properties.PropertyMappingContextCustomizer@0, org.springframework.boot.test.autoconfigure.web.servlet.WebDriverContextCustomizerFactory$Customizer@4264b240, org.springframework.boot.test.context.filter.ExcludeFilterContextCustomizer@75e01201, org.springframework.boot.test.json.DuplicateJsonObjectContextCustomizerFactory$DuplicateJsonObjectContextCustomizer@4a335fa8, org.springframework.boot.test.mock.mockito.MockitoContextCustomizer@98ae8e3e, org.springframework.boot.test.web.client.TestRestTemplateContextCustomizer@458342d3, org.springframework.boot.test.web.reactive.server.WebTestClientContextCustomizer@36676c1a, org.springframework.boot.test.context.SpringBootTestArgs@1, org.springframework.boot.test.context.SpringBootTestWebEnvironment@7bf3a5d8], resourceBasePath = 'src/main/webapp', contextLoader = 'org.springframework.boot.test.context.SpringBootContextLoader', parent = [null]], attributes = map['org.springframework.test.context.web.ServletTestExecutionListener.activateListener' -> true]], class annotated with @DirtiesContext [false] with mode [null].
12:25:49.730 [Test worker] DEBUG org.springframework.boot.ApplicationServletEnvironment - Activating profiles []
12:25:49.735 [Test worker] DEBUG org.springframework.test.context.support.TestPropertySourceUtils - Adding inlined properties to environment: {spring.jmx.enabled=false, org.springframework.boot.test.context.SpringBootTestContextBootstrapper=true}

  .   ____          _            __ _ _
 /\\ / ___'_ __ _ _(_)_ __  __ _ \ \ \ \
( ( )\___ | '_ | '_| | '_ \/ _` | \ \ \ \
 \\/  ___)| |_)| | | | | || (_| |  ) ) ) )
  '  |____| .__|_| |_|_| |_\__, | / / / /
 =========|_|==============|___/=/_/_/_/
 :: Spring Boot ::                (v2.5.7)

2022-07-12 12:25:50.193  INFO 7380 --- [    Test worker] c.m.i.b.s.s.impl.UserServiceImplTest     : Starting UserServiceImplTest using Java 11.0.12 on EXT-429 with PID 7380 (started by msgonzalez in C:\Users\msgonzalez\Desktop\Fork interview\interview-back)
2022-07-12 12:25:50.194  INFO 7380 --- [    Test worker] c.m.i.b.s.s.impl.UserServiceImplTest     : No active profile set, falling back to default profiles: default
2022-07-12 12:25:51.212  INFO 7380 --- [    Test worker] .s.d.r.c.RepositoryConfigurationDelegate : Bootstrapping Spring Data JPA repositories in DEFAULT mode.
2022-07-12 12:25:51.446  INFO 7380 --- [    Test worker] .s.d.r.c.RepositoryConfigurationDelegate : Finished Spring Data repository scanning in 223 ms. Found 2 JPA repository interfaces.
2022-07-12 12:25:52.686  INFO 7380 --- [    Test worker] o.hibernate.jpa.internal.util.LogHelper  : HHH000204: Processing PersistenceUnitInfo [name: default]
2022-07-12 12:25:52.767  INFO 7380 --- [    Test worker] org.hibernate.Version                    : HHH000412: Hibernate ORM core version 5.4.32.Final
2022-07-12 12:25:52.821  INFO 7380 --- [    Test worker] o.hibernate.annotations.common.Version   : HCANN000001: Hibernate Commons Annotations {5.1.2.Final}
2022-07-12 12:25:52.976  INFO 7380 --- [    Test worker] com.zaxxer.hikari.HikariDataSource       : HikariPool-1 - Starting...
2022-07-12 12:25:53.220  INFO 7380 --- [    Test worker] com.zaxxer.hikari.HikariDataSource       : HikariPool-1 - Start completed.
2022-07-12 12:25:53.243  INFO 7380 --- [    Test worker] org.hibernate.dialect.Dialect            : HHH000400: Using dialect: org.hibernate.dialect.H2Dialect
Hibernate: 
    
    drop table if exists suscripciones CASCADE 
Hibernate: 
    
    drop table if exists usuarios CASCADE 
Hibernate: 
    
    drop table if exists usuarios_friends CASCADE 
Hibernate: 
    
    create table suscripciones (
       id integer generated by default as identity,
        partner varchar(255),
        fk_user integer not null,
        primary key (id)
    )
Hibernate: 
    
    create table usuarios (
       id integer generated by default as identity,
        name varchar(255),
        password varchar(255),
        username varchar(255),
        primary key (id)
    )
Hibernate: 
    
    create table usuarios_friends (
       user_id integer not null,
        friends_id integer not null
    )
Hibernate: 
    
    alter table suscripciones 
       add constraint FKnq4yek7b86norip4p0jo9dold 
       foreign key (fk_user) 
       references usuarios
Hibernate: 
    
    alter table usuarios_friends 
       add constraint FKci9cjrbvgublgyvjpkctjtp6x 
       foreign key (friends_id) 
       references usuarios
Hibernate: 
    
    alter table usuarios_friends 
       add constraint FKia4um28id8eylfxxby0mxwpay 
       foreign key (user_id) 
       references usuarios
2022-07-12 12:25:53.951  INFO 7380 --- [    Test worker] o.h.e.t.j.p.i.JtaPlatformInitiator       : HHH000490: Using JtaPlatform implementation: [org.hibernate.engine.transaction.jta.platform.internal.NoJtaPlatform]
2022-07-12 12:25:53.963  INFO 7380 --- [    Test worker] j.LocalContainerEntityManagerFactoryBean : Initialized JPA EntityManagerFactory for persistence unit 'default'
2022-07-12 12:25:54.929  WARN 7380 --- [    Test worker] JpaBaseConfiguration$JpaWebConfiguration : spring.jpa.open-in-view is enabled by default. Therefore, database queries may be performed during view rendering. Explicitly configure spring.jpa.open-in-view to disable this warning
2022-07-12 12:25:55.279  INFO 7380 --- [    Test worker] o.s.b.a.h2.H2ConsoleAutoConfiguration    : H2 console available at '/h2-console'. Database available at 'jdbc:h2:mem:todoapp'
2022-07-12 12:25:56.247  INFO 7380 --- [    Test worker] c.m.i.b.s.s.impl.UserServiceImplTest     : Started UserServiceImplTest in 6.508 seconds (JVM running for 8.618)
]]></system-out>
  <system-err><![CDATA[]]></system-err>
</testsuite>
